0 info it worked if it ends with ok
1 verbose cli [ '/usr/local/Cellar/node/7.5.0/bin/node',
1 verbose cli   '/usr/local/bin/npm',
1 verbose cli   'run',
1 verbose cli   'test:unit' ]
2 info using npm@4.1.2
3 info using node@v7.5.0
4 verbose run-script [ 'pretest:unit', 'test:unit', 'posttest:unit' ]
5 info lifecycle egg_heads@1.0.0~pretest:unit: egg_heads@1.0.0
6 silly lifecycle egg_heads@1.0.0~pretest:unit: no script for pretest:unit, continuing
7 info lifecycle egg_heads@1.0.0~test:unit: egg_heads@1.0.0
8 verbose lifecycle egg_heads@1.0.0~test:unit: unsafe-perm in lifecycle true
9 verbose lifecycle egg_heads@1.0.0~test:unit: PATH: /usr/local/lib/node_modules/npm/bin/node-gyp-bin:/Users/m/codefellows/401/egg_heads/node_modules/.bin:/Users/m/.gem/ruby/2.4.0/bin:/Users/m/.rubies/ruby-2.4.0/lib/ruby/gems/2.4.0/bin:/Users/m/.rubies/ruby-2.4.0/bin:/usr/local/heroku/bin:~/bin:/opt/local/bin:/opt/local/sbin:/usr/local/bin:/usr/local/sbin:/usr/bin:/usr/local/git/bin:/usr/local/bin:/usr/local/bin:/usr/bin:/bin:/usr/sbin:/sbin:.:/Users/m/mongodb/bin
10 verbose lifecycle egg_heads@1.0.0~test:unit: CWD: /Users/m/codefellows/401/egg_heads
11 silly lifecycle egg_heads@1.0.0~test:unit: Args: [ '-c', 'mocha test/unit' ]
12 silly lifecycle egg_heads@1.0.0~test:unit: Returned: code: 1  signal: null
13 info lifecycle egg_heads@1.0.0~test:unit: Failed to exec test:unit script
14 verbose stack Error: egg_heads@1.0.0 test:unit: `mocha test/unit`
14 verbose stack Exit status 1
14 verbose stack     at EventEmitter.<anonymous> (/usr/local/lib/node_modules/npm/lib/utils/lifecycle.js:279:16)
14 verbose stack     at emitTwo (events.js:106:13)
14 verbose stack     at EventEmitter.emit (events.js:192:7)
14 verbose stack     at ChildProcess.<anonymous> (/usr/local/lib/node_modules/npm/lib/utils/spawn.js:40:14)
14 verbose stack     at emitTwo (events.js:106:13)
14 verbose stack     at ChildProcess.emit (events.js:192:7)
14 verbose stack     at maybeClose (internal/child_process.js:890:16)
14 verbose stack     at Process.ChildProcess._handle.onexit (internal/child_process.js:226:5)
15 verbose pkgid egg_heads@1.0.0
16 verbose cwd /Users/m/codefellows/401/egg_heads
17 error Darwin 16.5.0
18 error argv "/usr/local/Cellar/node/7.5.0/bin/node" "/usr/local/bin/npm" "run" "test:unit"
19 error node v7.5.0
20 error npm  v4.1.2
21 error code ELIFECYCLE
22 error egg_heads@1.0.0 test:unit: `mocha test/unit`
22 error Exit status 1
23 error Failed at the egg_heads@1.0.0 test:unit script 'mocha test/unit'.
23 error Make sure you have the latest version of node.js and npm installed.
23 error If you do, this is most likely a problem with the egg_heads package,
23 error not with npm itself.
23 error Tell the author that this fails on your system:
23 error     mocha test/unit
23 error You can get information on how to open an issue for this project with:
23 error     npm bugs egg_heads
23 error Or if that isn't available, you can get their info via:
23 error     npm owner ls egg_heads
23 error There is likely additional logging output above.
24 verbose exit [ 1, true ]
